[debug] [2023-05-06T14:59:38.257Z] ----------------------------------------------------------------------
[debug] [2023-05-06T14:59:38.260Z] Command:       C:\Program Files\nodejs\node.exe C:\Users\DELL\AppData\Roaming\npm\node_modules\firebase-tools\lib\bin\firebase.js deploy
[debug] [2023-05-06T14:59:38.261Z] CLI Version:   11.24.1
[debug] [2023-05-06T14:59:38.262Z] Platform:      win32
[debug] [2023-05-06T14:59:38.262Z] Node Version:  v16.17.0
[debug] [2023-05-06T14:59:38.270Z] Time:          Sat May 06 2023 20:59:38 GMT+0600 (Bangladesh Standard Time)
[debug] [2023-05-06T14:59:38.271Z] ----------------------------------------------------------------------
[debug] 
[debug] [2023-05-06T14:59:38.279Z] >>> [apiv2][query] GET https://firebase-public.firebaseio.com/cli.json [none]
[debug] [2023-05-06T14:59:38.460Z] > command requires scopes: ["email","openid","https://www.googleapis.com/auth/cloudplatformprojects.readonly","https://www.googleapis.com/auth/firebase","https://www.googleapis.com/auth/cloud-platform"]
[debug] [2023-05-06T14:59:38.461Z] > authorizing via signed-in user (rehadhasan664@gmail.com)
[debug] [2023-05-06T14:59:38.462Z] [iam] checking project gym-website-4d719 for permissions ["firebase.projects.get","firebasehosting.sites.update"]
[debug] [2023-05-06T14:59:38.471Z] > refreshing access token with scopes: []
[debug] [2023-05-06T14:59:38.473Z] >>> [apiv2][query] POST https://www.googleapis.com/oauth2/v3/token [none]
[debug] [2023-05-06T14:59:38.473Z] >>> [apiv2][body] POST https://www.googleapis.com/oauth2/v3/token [omitted]
[debug] [2023-05-06T14:59:38.925Z] <<< [apiv2][status] POST https://www.googleapis.com/oauth2/v3/token 200
[debug] [2023-05-06T14:59:38.926Z] <<< [apiv2][body] POST https://www.googleapis.com/oauth2/v3/token [omitted]
[debug] [2023-05-06T14:59:38.948Z] >>> [apiv2][query] POST https://cloudresourcemanager.googleapis.com/v1/projects/gym-website-4d719:testIamPermissions [none]
[debug] [2023-05-06T14:59:38.948Z] >>> [apiv2][(partial)header] POST https://cloudresourcemanager.googleapis.com/v1/projects/gym-website-4d719:testIamPermissions x-goog-quota-user=projects/gym-website-4d719
[debug] [2023-05-06T14:59:38.949Z] >>> [apiv2][body] POST https://cloudresourcemanager.googleapis.com/v1/projects/gym-website-4d719:testIamPermissions {"permissions":["firebase.projects.get","firebasehosting.sites.update"]}
[debug] [2023-05-06T14:59:39.462Z] <<< [apiv2][status] GET https://firebase-public.firebaseio.com/cli.json 200
[debug] [2023-05-06T14:59:39.462Z] <<< [apiv2][body] GET https://firebase-public.firebaseio.com/cli.json {"cloudBuildErrorAfter":1594252800000,"cloudBuildWarnAfter":1590019200000,"defaultNode10After":1594252800000,"minVersion":"3.0.5","node8DeploysDisabledAfter":1613390400000,"node8RuntimeDisabledAfter":1615809600000,"node8WarnAfter":1600128000000}
[debug] [2023-05-06T15:00:00.156Z] [iam] error while checking permissions, command may fail: FirebaseError: Failed to make request to https://cloudresourcemanager.googleapis.com/v1/projects/gym-website-4d719:testIamPermissions
[debug] [2023-05-06T15:00:00.158Z] >>> [apiv2][query] GET https://firebase.googleapis.com/v1beta1/projects/gym-website-4d719 [none]
[debug] [2023-05-06T15:00:21.261Z] Failed to make request to https://firebase.googleapis.com/v1beta1/projects/gym-website-4d719
[debug] [2023-05-06T15:00:22.728Z] FirebaseError: Failed to make request to https://firebase.googleapis.com/v1beta1/projects/gym-website-4d719
    at RetryOperation._fn (C:\Users\DELL\AppData\Roaming\npm\node_modules\firebase-tools\lib\apiv2.js:242:31)
    at processTicksAndRejections (node:internal/process/task_queues:96:5)
[error] 
[error] Error: Failed to get Firebase project gym-website-4d719. Please make sure the project exists and your account has permission to access it.
[debug] [2023-05-06T15:00:40.998Z] ----------------------------------------------------------------------
[debug] [2023-05-06T15:00:41.002Z] Command:       C:\Program Files\nodejs\node.exe C:\Users\DELL\AppData\Roaming\npm\node_modules\firebase-tools\lib\bin\firebase.js deploy
[debug] [2023-05-06T15:00:41.003Z] CLI Version:   11.24.1
[debug] [2023-05-06T15:00:41.004Z] Platform:      win32
[debug] [2023-05-06T15:00:41.004Z] Node Version:  v16.17.0
[debug] [2023-05-06T15:00:41.006Z] Time:          Sat May 06 2023 21:00:41 GMT+0600 (Bangladesh Standard Time)
[debug] [2023-05-06T15:00:41.006Z] ----------------------------------------------------------------------
[debug] 
[debug] [2023-05-06T15:00:41.207Z] > command requires scopes: ["email","openid","https://www.googleapis.com/auth/cloudplatformprojects.readonly","https://www.googleapis.com/auth/firebase","https://www.googleapis.com/auth/cloud-platform"]
[debug] [2023-05-06T15:00:41.219Z] > authorizing via signed-in user (rehadhasan664@gmail.com)
[debug] [2023-05-06T15:00:41.220Z] [iam] checking project gym-website-4d719 for permissions ["firebase.projects.get","firebasehosting.sites.update"]
[debug] [2023-05-06T15:00:41.226Z] >>> [apiv2][query] POST https://cloudresourcemanager.googleapis.com/v1/projects/gym-website-4d719:testIamPermissions [none]
[debug] [2023-05-06T15:00:41.227Z] >>> [apiv2][(partial)header] POST https://cloudresourcemanager.googleapis.com/v1/projects/gym-website-4d719:testIamPermissions x-goog-quota-user=projects/gym-website-4d719
[debug] [2023-05-06T15:00:41.227Z] >>> [apiv2][body] POST https://cloudresourcemanager.googleapis.com/v1/projects/gym-website-4d719:testIamPermissions {"permissions":["firebase.projects.get","firebasehosting.sites.update"]}
[debug] [2023-05-06T15:00:58.018Z] <<< [apiv2][status] POST https://cloudresourcemanager.googleapis.com/v1/projects/gym-website-4d719:testIamPermissions 200
[debug] [2023-05-06T15:00:58.019Z] <<< [apiv2][body] POST https://cloudresourcemanager.googleapis.com/v1/projects/gym-website-4d719:testIamPermissions {"permissions":["firebase.projects.get","firebasehosting.sites.update"]}
[debug] [2023-05-06T15:00:58.022Z] >>> [apiv2][query] GET https://firebase.googleapis.com/v1beta1/projects/gym-website-4d719 [none]
[debug] [2023-05-06T15:01:19.121Z] Failed to make request to https://firebase.googleapis.com/v1beta1/projects/gym-website-4d719
[debug] [2023-05-06T15:01:24.162Z] Error: Timed out.
    at Timeout._onTimeout (C:\Users\DELL\AppData\Roaming\npm\node_modules\firebase-tools\lib\utils.js:253:49)
    at listOnTimeout (node:internal/timers:559:17)
    at processTimers (node:internal/timers:502:7)
[error] 
[error] Error: An unexpected error has occurred.
[debug] [2023-05-06T15:08:05.946Z] ----------------------------------------------------------------------
[debug] [2023-05-06T15:08:05.950Z] Command:       C:\Program Files\nodejs\node.exe C:\Users\DELL\AppData\Roaming\npm\node_modules\firebase-tools\lib\bin\firebase.js deploy
[debug] [2023-05-06T15:08:05.951Z] CLI Version:   11.24.1
[debug] [2023-05-06T15:08:05.951Z] Platform:      win32
[debug] [2023-05-06T15:08:05.951Z] Node Version:  v16.17.0
[debug] [2023-05-06T15:08:05.959Z] Time:          Sat May 06 2023 21:08:05 GMT+0600 (Bangladesh Standard Time)
[debug] [2023-05-06T15:08:05.959Z] ----------------------------------------------------------------------
[debug] 
[debug] [2023-05-06T15:08:06.117Z] > command requires scopes: ["email","openid","https://www.googleapis.com/auth/cloudplatformprojects.readonly","https://www.googleapis.com/auth/firebase","https://www.googleapis.com/auth/cloud-platform"]
[debug] [2023-05-06T15:08:06.119Z] > authorizing via signed-in user (rehadhasan664@gmail.com)
[debug] [2023-05-06T15:08:06.119Z] [iam] checking project gym-website-4d719 for permissions ["firebase.projects.get","firebasehosting.sites.update"]
[debug] [2023-05-06T15:08:06.124Z] >>> [apiv2][query] POST https://cloudresourcemanager.googleapis.com/v1/projects/gym-website-4d719:testIamPermissions [none]
[debug] [2023-05-06T15:08:06.124Z] >>> [apiv2][(partial)header] POST https://cloudresourcemanager.googleapis.com/v1/projects/gym-website-4d719:testIamPermissions x-goog-quota-user=projects/gym-website-4d719
[debug] [2023-05-06T15:08:06.124Z] >>> [apiv2][body] POST https://cloudresourcemanager.googleapis.com/v1/projects/gym-website-4d719:testIamPermissions {"permissions":["firebase.projects.get","firebasehosting.sites.update"]}
[debug] [2023-05-06T15:08:07.961Z] <<< [apiv2][status] POST https://cloudresourcemanager.googleapis.com/v1/projects/gym-website-4d719:testIamPermissions 200
[debug] [2023-05-06T15:08:07.961Z] <<< [apiv2][body] POST https://cloudresourcemanager.googleapis.com/v1/projects/gym-website-4d719:testIamPermissions {"permissions":["firebase.projects.get","firebasehosting.sites.update"]}
[debug] [2023-05-06T15:08:07.965Z] >>> [apiv2][query] GET https://firebase.googleapis.com/v1beta1/projects/gym-website-4d719 [none]
[debug] [2023-05-06T15:08:08.625Z] <<< [apiv2][status] GET https://firebase.googleapis.com/v1beta1/projects/gym-website-4d719 200
[debug] [2023-05-06T15:08:08.626Z] <<< [apiv2][body] GET https://firebase.googleapis.com/v1beta1/projects/gym-website-4d719 {"projectId":"gym-website-4d719","projectNumber":"442993471564","displayName":"gym-website","name":"projects/gym-website-4d719","resources":{"hostingSite":"gym-website-4d719"},"state":"ACTIVE","etag":"1_e1f2231f-ffec-4043-a8fd-8024957158fd"}
[info] 
[info] === Deploying to 'gym-website-4d719'...
[info] 
[info] i  deploying hosting 
[debug] [2023-05-06T15:08:08.643Z] >>> [apiv2][query] POST https://firebasehosting.googleapis.com/v1beta1/projects/-/sites/gym-website-4d719/versions [none]
[debug] [2023-05-06T15:08:08.643Z] >>> [apiv2][body] POST https://firebasehosting.googleapis.com/v1beta1/projects/-/sites/gym-website-4d719/versions {"status":"CREATED","labels":{"deployment-tool":"cli-firebase"}}
[debug] [2023-05-06T15:08:10.736Z] <<< [apiv2][status] POST https://firebasehosting.googleapis.com/v1beta1/projects/-/sites/gym-website-4d719/versions 200
[debug] [2023-05-06T15:08:10.737Z] <<< [apiv2][body] POST https://firebasehosting.googleapis.com/v1beta1/projects/-/sites/gym-website-4d719/versions {"name":"projects/442993471564/sites/gym-website-4d719/versions/262718a1a5ad5fac","status":"CREATED","config":{},"labels":{"deployment-tool":"cli-firebase"}}
[info] i  hosting[gym-website-4d719]: beginning deploy... 
[info] i  hosting[gym-website-4d719]: found 63 files in build 
[debug] [2023-05-06T15:08:10.837Z] [hosting] uploading with 200 concurrency
[debug] [2023-05-06T15:08:13.318Z] [hosting] hash cache [YnVpbGQ] stored for 63 files
[debug] [2023-05-06T15:08:13.319Z] [hosting][hash queue][FINAL] {"max":2449,"min":19,"avg":97.71428571428571,"active":0,"complete":63,"success":63,"errored":0,"retried":0,"total":63,"elapsed":2474}
[debug] [2023-05-06T15:08:13.320Z] >>> [apiv2][query] POST https://firebasehosting.googleapis.com/v1beta1/projects/442993471564/sites/gym-website-4d719/versions/262718a1a5ad5fac:populateFiles [none]
[debug] [2023-05-06T15:08:13.320Z] >>> [apiv2][body] POST https://firebasehosting.googleapis.com/v1beta1/projects/442993471564/sites/gym-website-4d719/versions/262718a1a5ad5fac:populateFiles {"files":{"/blog.json":"585396ac4a5dd7db4dd2fc868f666974f7c5fcf55bab128301b3f3e314e525e3","/classes.json":"094b842018414012e5b8e31df61794255e840fc0d5c4ff2ed028dee04cfb3b4e","/favicon.ico":"8a0b29a6148f5b16dfe52d5e633e185b7c94bfdd3c33309753de28669ba39c20","/logo192.png":"3ee59515172ee198f3be375979df15ac5345183e656720a381b8872b2a39dc8b","/logo512.png":"ee7e2f3fdb8209c4b6fd7bef6ba50d1b9dba30a25bb5c3126df057e1cb6f5331","/manifest.json":"aff3449bdc238776f5d6d967f19ec491b36aed5fb7f23ccff6500736fd58494a","/blog-img/1.jpg":"9f37dac4f2cf67ab124d377fa6bd249de25ae71cfc8b7926a2d6129e2dcb41d9","/blog-img/2.jpg":"024b036073a81fdf5e9a69aeeacdbcda367e44ccd7614fd5fe76bd5777fdc527","/blog-img/3.jpg":"be0edbb8b0c0fd47a532a3a4b67dd838ef3de5f09b88fd863f9eaa571e9f0284","/blog-img/4.jpg":"1c4647af07dc4cc8b63fcdd04080a0e9c02d81655f256dea692a1838fe8ec2e4","/blog-img/5.jpg":"5edcbeba9492bed687df231122fe4a0acbbabec82eed7d7a6172bd082101d149","/img/boxing.jpg":"147c5616046052957490786049b3afcdcaec1f9b99be9f359a21e0695d0af205","/img/crossing.jpg":"702c91906a2dc38e17bca7ddfb6afc7edd18e84b8414c17da56dcfa4a6284e9e","/img/cycling.jpg":"d4f5f1fdb2c107143e6c45084ffbad3b54680a057f35de516117bc9b28190a64","/img/karate.jpg":"08143d5cafc00fa07b578eb453f11c15ede15e34e1e2de3309760c52978367ae","/img/lifting.jpg":"63bf8abd33b998d66e5249d326ce6a7fc04edf69e84fc7995301540ae0cdb5d0","/img/meditation.jpg":"fbe53d1cda95b61a7cf913e1ce0eba359f24f13d55ca26df9519081aac0ca7bb","/img/running.jpg":"7a55d9075d368e87bf667590bb9042c25de028dac01968ffea7773b0d652eae8","/img/workout.jpg":"1fea81c2ab8bf75440d596f9a628324f80a5d3bad5589f90c11ea98553145777","/asset-manifest.json":"723ef245f9e6f6123ec7034ed0b9ab678dbf3aa0bb8180f9f044948ab1becdd0","/index.html":"9b43cab36b44ffcb3c7a1a5ab512ed4ce712d6d7179b83b514557c5a37ba5ef5","/static/js/787.c837b1d3.chunk.js":"bd88da4c35e1a18e5efa27bc8ebbc742df8c1804affb2b5c8997e7d5dc615c2d","/static/js/main.2e9b127d.js.LICENSE.txt":"15e22d8e7e425ae933a7860ee6b73ec27776cdb04ca85392f2ac113cf5a2d1a5","/static/js/787.c837b1d3.chunk.js.map":"c29fea72a7d92366f590583dda9b944ab8bf33fa23a95ab25b4dffe145cfe3d1","/static/media/3.377b234bd8a2adfc4675.png":"0c5b5e34300fbac796b483ccfca91e08dabc4394cee811f693e9d18085b875e5","/static/media/background.1fed62fab703bff0845d.1fed62fab703bff0845d.jpg":"8136a927fe577b6d7ed8fb524a0361a614cd71e85438d0ce9557b05db970de59","/static/media/10.1703c8d1efe561966ebc.jpg":"fbb691f54a0cf6e053efbfaf41b211d8e36934c80dd6b9039cc0da6215ac7108","/static/css/main.dbe29975.css.map":"46359c1a934f12348638ebeeac9e954fb3bd270091f452921b7b071df1291c2f","/static/media/background.f24e8c4144bb6907ac96.f24e8c4144bb6907ac96.jpg":"8ff12c27ff8eb877ab684815b1152d7fdba0cd05fe1e4ec03c4991873a1c73d2","/static/media/1.7778c9218f2bba921b41.jpg":"3f11f32fed1698abd1b219410012681f081791e82c445f343be27b9803cc0905","/static/media/1.a909757da57e08a098f5.jpg":"ea940c99fa44592b6b56f6fc088056759042983655d252940feee74c50935654","/static/css/main.dbe29975.css":"9f2a871a68f551a9cd15bc2424b1106b7c832a175313ee298009e1c1320349d5","/static/media/2.f102757b82b68f55f831.png":"d53d14e383d423f0b9a1da03254354963cfa1d516a17c4f0445d70ad7a15a700","/static/media/4.78ebd734309a96828f4a.jpg":"b96e4ba68622768b179f5435ffd2ee16d4e0e3211770c3eac3d4a3e348db62f2","/static/media/1.fdb39166bd9fd960aac2.png":"42e2302ebb95bde863351cdc66e44d20e626b5880f2b15775b4fa43cc4c37347","/static/media/1.fbd096b806d73ba089b1.jpg":"da97cf3abac04943d97c366d08af64de023e83199307b45fe648f6035f2d0ddc","/static/media/12.f4fc50ff42706b49cf46.jpg":"8b8d9707e3a6abc20041bff5f60983c934164f1a38cc2608a17bc318f4a618aa","/static/media/2.301bc2e7998c4eaa8aa5.jpg":"a37bec39ca05e053b00fbbc911b27dde11792982c0b781c8ebd5cbaab46cd0ca","/static/media/2.d46d38fba0c66f2feaf9.jpg":"524245bf866a8fd87267fed7cdfa36408dfb091c27c00015376b5f7c5ad130c3","/static/media/2.fd60c33580aa81b24e54.jpg":"41de645c609565d7c870aab675c1d6b6be36417197d10d1441f9d1256016b3e2","/static/media/4.f4e246e5351bccee3db9.jpg":"60e6cef4a85419851614e0b8fdb3927a19c7a5a38cdfb926c633c16425abb357","/static/media/7.f52a009485e468cc3a38.jpg":"ad59bde0b75a38c62b4b269ed8150c17689d87edbd9ff9d2f2bf405f568393b9","/static/media/8.fbd096b806d73ba089b1.jpg":"da97cf3abac04943d97c366d08af64de023e83199307b45fe648f6035f2d0ddc","/static/media/feedback.5b430a98f01a93581bac.jpg":"d15e673c1e6b256958ad6c341d6aa301b6dccd028047c941aa7f0632c40dbefc","/static/media/5.386d22b607d139aa3525.jpg":"d3f50705c5cc1504ffb99790feacd763ea10e993d1d87a6212d77e8a7cc006ea","/static/media/3.1e04773341b9c4364397.jpg":"b44cb6a0bf3cffde3a48c17fd8699afceb22fa6fa0ddff7adef558c152035721","/static/media/3.ca05a416f20d8ec15e51.jpg":"b8f065a0701831f164af9e9e180285c1c25d98b570cc7e3e5912957a43db054f","/static/media/9.0a0ef4791a0c2146d358.jpg":"b77c228a9005283723bef2ac1bf4aa722bb0918139dfc95d37495866984726f5","/static/media/6.6e13b7b042ff75214b88.jpg":"d38d2a9e8436c44112407b44795b933ccac2917c065a9580b8deb2f30a19896f","/static/media/11.a523a048f82ad92a1e9f.jpg":"bebf9956d54da9d3d6b12af1bfbf6b0df0e8585453dcc74f6f1dc9d627d9c5dc","/static/media/3.bf06a3881cb1e26e9e54.jpg":"0c97c7374c869158370b58a5225795265200dccaf6605336484400395d150957","/static/media/crossing.c4730d8deeb764d87f04.jpg":"702c91906a2dc38e17bca7ddfb6afc7edd18e84b8414c17da56dcfa4a6284e9e","/static/media/img.2012da350c7fd4c278d7.jpg":"1a705e6e99ed59d38b279a0911c2ad777a8461ce696fc9e54f52b13d1ba2d409","/static/media/lifting.ae2c499f03c4e9ae6199.jpg":"63bf8abd33b998d66e5249d326ce6a7fc04edf69e84fc7995301540ae0cdb5d0","/static/media/workout.83ad068639c94e80584d.jpg":"1fea81c2ab8bf75440d596f9a628324f80a5d3bad5589f90c11ea98553145777","/static/media/photo1.a5c96ee13e2f5f43d546.jpg":"f31841173742f8bbc77d792e76e18a09ddd8dad950e9a958e9b051ed1489b686","/static/media/2.58320d4db78f7cadc639.jpg":"99776cb4aec762fae9aac51df5a9ef860d70f9fa0c27c15e91b5f1d32e8082d2","/static/media/1.cbfd110a0b93ee50bcde.jpg":"ffebc5ed114a78c9eb71d032e477fc805ac0401bacfe3ec2782c3e560136e792","/static/media/3.01a0e5e94f669a8cc412.jpg":"ee09588ea27f60c290887a024f555e58ea45bac583b66618f2e724074a71eeb2","/static/media/backgroundimg.10c814b67d293322e13e.jpg":"3d21a518fbddeff437d00faed458bd81f4ff24153430cef396a9bfcd769fc9ea","/static/js/main.2e9b127d.js":"ff96eee472f16b28eeb16323604b6e03b560a5a2ebdf1bbddc22520e6926f40e","/static/media/background.8ca51f6d5c424b82ec82.jpg":"83cf75bd71c423d18e18e46890d26c038ddd438184fd4ac67df31ecbce15cba1","/static/js/main.2e9b127d.js.map":"c6ae20dcec4280f4b089d6c8afc168db127c3df382d1483ed6409f3034ce4589"}}
[debug] [2023-05-06T15:08:34.876Z] [populateQueue] Retrying task index 0
[debug] [2023-05-06T15:08:34.880Z] >>> [apiv2][query] POST https://firebasehosting.googleapis.com/v1beta1/projects/442993471564/sites/gym-website-4d719/versions/262718a1a5ad5fac:populateFiles [none]
[debug] [2023-05-06T15:08:34.881Z] >>> [apiv2][body] POST https://firebasehosting.googleapis.com/v1beta1/projects/442993471564/sites/gym-website-4d719/versions/262718a1a5ad5fac:populateFiles {"files":{"/blog.json":"585396ac4a5dd7db4dd2fc868f666974f7c5fcf55bab128301b3f3e314e525e3","/classes.json":"094b842018414012e5b8e31df61794255e840fc0d5c4ff2ed028dee04cfb3b4e","/favicon.ico":"8a0b29a6148f5b16dfe52d5e633e185b7c94bfdd3c33309753de28669ba39c20","/logo192.png":"3ee59515172ee198f3be375979df15ac5345183e656720a381b8872b2a39dc8b","/logo512.png":"ee7e2f3fdb8209c4b6fd7bef6ba50d1b9dba30a25bb5c3126df057e1cb6f5331","/manifest.json":"aff3449bdc238776f5d6d967f19ec491b36aed5fb7f23ccff6500736fd58494a","/blog-img/1.jpg":"9f37dac4f2cf67ab124d377fa6bd249de25ae71cfc8b7926a2d6129e2dcb41d9","/blog-img/2.jpg":"024b036073a81fdf5e9a69aeeacdbcda367e44ccd7614fd5fe76bd5777fdc527","/blog-img/3.jpg":"be0edbb8b0c0fd47a532a3a4b67dd838ef3de5f09b88fd863f9eaa571e9f0284","/blog-img/4.jpg":"1c4647af07dc4cc8b63fcdd04080a0e9c02d81655f256dea692a1838fe8ec2e4","/blog-img/5.jpg":"5edcbeba9492bed687df231122fe4a0acbbabec82eed7d7a6172bd082101d149","/img/boxing.jpg":"147c5616046052957490786049b3afcdcaec1f9b99be9f359a21e0695d0af205","/img/crossing.jpg":"702c91906a2dc38e17bca7ddfb6afc7edd18e84b8414c17da56dcfa4a6284e9e","/img/cycling.jpg":"d4f5f1fdb2c107143e6c45084ffbad3b54680a057f35de516117bc9b28190a64","/img/karate.jpg":"08143d5cafc00fa07b578eb453f11c15ede15e34e1e2de3309760c52978367ae","/img/lifting.jpg":"63bf8abd33b998d66e5249d326ce6a7fc04edf69e84fc7995301540ae0cdb5d0","/img/meditation.jpg":"fbe53d1cda95b61a7cf913e1ce0eba359f24f13d55ca26df9519081aac0ca7bb","/img/running.jpg":"7a55d9075d368e87bf667590bb9042c25de028dac01968ffea7773b0d652eae8","/img/workout.jpg":"1fea81c2ab8bf75440d596f9a628324f80a5d3bad5589f90c11ea98553145777","/asset-manifest.json":"723ef245f9e6f6123ec7034ed0b9ab678dbf3aa0bb8180f9f044948ab1becdd0","/index.html":"9b43cab36b44ffcb3c7a1a5ab512ed4ce712d6d7179b83b514557c5a37ba5ef5","/static/js/787.c837b1d3.chunk.js":"bd88da4c35e1a18e5efa27bc8ebbc742df8c1804affb2b5c8997e7d5dc615c2d","/static/js/main.2e9b127d.js.LICENSE.txt":"15e22d8e7e425ae933a7860ee6b73ec27776cdb04ca85392f2ac113cf5a2d1a5","/static/js/787.c837b1d3.chunk.js.map":"c29fea72a7d92366f590583dda9b944ab8bf33fa23a95ab25b4dffe145cfe3d1","/static/media/3.377b234bd8a2adfc4675.png":"0c5b5e34300fbac796b483ccfca91e08dabc4394cee811f693e9d18085b875e5","/static/media/background.1fed62fab703bff0845d.1fed62fab703bff0845d.jpg":"8136a927fe577b6d7ed8fb524a0361a614cd71e85438d0ce9557b05db970de59","/static/media/10.1703c8d1efe561966ebc.jpg":"fbb691f54a0cf6e053efbfaf41b211d8e36934c80dd6b9039cc0da6215ac7108","/static/css/main.dbe29975.css.map":"46359c1a934f12348638ebeeac9e954fb3bd270091f452921b7b071df1291c2f","/static/media/background.f24e8c4144bb6907ac96.f24e8c4144bb6907ac96.jpg":"8ff12c27ff8eb877ab684815b1152d7fdba0cd05fe1e4ec03c4991873a1c73d2","/static/media/1.7778c9218f2bba921b41.jpg":"3f11f32fed1698abd1b219410012681f081791e82c445f343be27b9803cc0905","/static/media/1.a909757da57e08a098f5.jpg":"ea940c99fa44592b6b56f6fc088056759042983655d252940feee74c50935654","/static/css/main.dbe29975.css":"9f2a871a68f551a9cd15bc2424b1106b7c832a175313ee298009e1c1320349d5","/static/media/2.f102757b82b68f55f831.png":"d53d14e383d423f0b9a1da03254354963cfa1d516a17c4f0445d70ad7a15a700","/static/media/4.78ebd734309a96828f4a.jpg":"b96e4ba68622768b179f5435ffd2ee16d4e0e3211770c3eac3d4a3e348db62f2","/static/media/1.fdb39166bd9fd960aac2.png":"42e2302ebb95bde863351cdc66e44d20e626b5880f2b15775b4fa43cc4c37347","/static/media/1.fbd096b806d73ba089b1.jpg":"da97cf3abac04943d97c366d08af64de023e83199307b45fe648f6035f2d0ddc","/static/media/12.f4fc50ff42706b49cf46.jpg":"8b8d9707e3a6abc20041bff5f60983c934164f1a38cc2608a17bc318f4a618aa","/static/media/2.301bc2e7998c4eaa8aa5.jpg":"a37bec39ca05e053b00fbbc911b27dde11792982c0b781c8ebd5cbaab46cd0ca","/static/media/2.d46d38fba0c66f2feaf9.jpg":"524245bf866a8fd87267fed7cdfa36408dfb091c27c00015376b5f7c5ad130c3","/static/media/2.fd60c33580aa81b24e54.jpg":"41de645c609565d7c870aab675c1d6b6be36417197d10d1441f9d1256016b3e2","/static/media/4.f4e246e5351bccee3db9.jpg":"60e6cef4a85419851614e0b8fdb3927a19c7a5a38cdfb926c633c16425abb357","/static/media/7.f52a009485e468cc3a38.jpg":"ad59bde0b75a38c62b4b269ed8150c17689d87edbd9ff9d2f2bf405f568393b9","/static/media/8.fbd096b806d73ba089b1.jpg":"da97cf3abac04943d97c366d08af64de023e83199307b45fe648f6035f2d0ddc","/static/media/feedback.5b430a98f01a93581bac.jpg":"d15e673c1e6b256958ad6c341d6aa301b6dccd028047c941aa7f0632c40dbefc","/static/media/5.386d22b607d139aa3525.jpg":"d3f50705c5cc1504ffb99790feacd763ea10e993d1d87a6212d77e8a7cc006ea","/static/media/3.1e04773341b9c4364397.jpg":"b44cb6a0bf3cffde3a48c17fd8699afceb22fa6fa0ddff7adef558c152035721","/static/media/3.ca05a416f20d8ec15e51.jpg":"b8f065a0701831f164af9e9e180285c1c25d98b570cc7e3e5912957a43db054f","/static/media/9.0a0ef4791a0c2146d358.jpg":"b77c228a9005283723bef2ac1bf4aa722bb0918139dfc95d37495866984726f5","/static/media/6.6e13b7b042ff75214b88.jpg":"d38d2a9e8436c44112407b44795b933ccac2917c065a9580b8deb2f30a19896f","/static/media/11.a523a048f82ad92a1e9f.jpg":"bebf9956d54da9d3d6b12af1bfbf6b0df0e8585453dcc74f6f1dc9d627d9c5dc","/static/media/3.bf06a3881cb1e26e9e54.jpg":"0c97c7374c869158370b58a5225795265200dccaf6605336484400395d150957","/static/media/crossing.c4730d8deeb764d87f04.jpg":"702c91906a2dc38e17bca7ddfb6afc7edd18e84b8414c17da56dcfa4a6284e9e","/static/media/img.2012da350c7fd4c278d7.jpg":"1a705e6e99ed59d38b279a0911c2ad777a8461ce696fc9e54f52b13d1ba2d409","/static/media/lifting.ae2c499f03c4e9ae6199.jpg":"63bf8abd33b998d66e5249d326ce6a7fc04edf69e84fc7995301540ae0cdb5d0","/static/media/workout.83ad068639c94e80584d.jpg":"1fea81c2ab8bf75440d596f9a628324f80a5d3bad5589f90c11ea98553145777","/static/media/photo1.a5c96ee13e2f5f43d546.jpg":"f31841173742f8bbc77d792e76e18a09ddd8dad950e9a958e9b051ed1489b686","/static/media/2.58320d4db78f7cadc639.jpg":"99776cb4aec762fae9aac51df5a9ef860d70f9fa0c27c15e91b5f1d32e8082d2","/static/media/1.cbfd110a0b93ee50bcde.jpg":"ffebc5ed114a78c9eb71d032e477fc805ac0401bacfe3ec2782c3e560136e792","/static/media/3.01a0e5e94f669a8cc412.jpg":"ee09588ea27f60c290887a024f555e58ea45bac583b66618f2e724074a71eeb2","/static/media/backgroundimg.10c814b67d293322e13e.jpg":"3d21a518fbddeff437d00faed458bd81f4ff24153430cef396a9bfcd769fc9ea","/static/js/main.2e9b127d.js":"ff96eee472f16b28eeb16323604b6e03b560a5a2ebdf1bbddc22520e6926f40e","/static/media/background.8ca51f6d5c424b82ec82.jpg":"83cf75bd71c423d18e18e46890d26c038ddd438184fd4ac67df31ecbce15cba1","/static/js/main.2e9b127d.js.map":"c6ae20dcec4280f4b089d6c8afc168db127c3df382d1483ed6409f3034ce4589"}}
[debug] [2023-05-06T15:08:56.820Z] [populateQueue] Retrying task index 0
[debug] [2023-05-06T15:08:56.821Z] >>> [apiv2][query] POST https://firebasehosting.googleapis.com/v1beta1/projects/442993471564/sites/gym-website-4d719/versions/262718a1a5ad5fac:populateFiles [none]
[debug] [2023-05-06T15:08:56.822Z] >>> [apiv2][body] POST https://firebasehosting.googleapis.com/v1beta1/projects/442993471564/sites/gym-website-4d719/versions/262718a1a5ad5fac:populateFiles {"files":{"/blog.json":"585396ac4a5dd7db4dd2fc868f666974f7c5fcf55bab128301b3f3e314e525e3","/classes.json":"094b842018414012e5b8e31df61794255e840fc0d5c4ff2ed028dee04cfb3b4e","/favicon.ico":"8a0b29a6148f5b16dfe52d5e633e185b7c94bfdd3c33309753de28669ba39c20","/logo192.png":"3ee59515172ee198f3be375979df15ac5345183e656720a381b8872b2a39dc8b","/logo512.png":"ee7e2f3fdb8209c4b6fd7bef6ba50d1b9dba30a25bb5c3126df057e1cb6f5331","/manifest.json":"aff3449bdc238776f5d6d967f19ec491b36aed5fb7f23ccff6500736fd58494a","/blog-img/1.jpg":"9f37dac4f2cf67ab124d377fa6bd249de25ae71cfc8b7926a2d6129e2dcb41d9","/blog-img/2.jpg":"024b036073a81fdf5e9a69aeeacdbcda367e44ccd7614fd5fe76bd5777fdc527","/blog-img/3.jpg":"be0edbb8b0c0fd47a532a3a4b67dd838ef3de5f09b88fd863f9eaa571e9f0284","/blog-img/4.jpg":"1c4647af07dc4cc8b63fcdd04080a0e9c02d81655f256dea692a1838fe8ec2e4","/blog-img/5.jpg":"5edcbeba9492bed687df231122fe4a0acbbabec82eed7d7a6172bd082101d149","/img/boxing.jpg":"147c5616046052957490786049b3afcdcaec1f9b99be9f359a21e0695d0af205","/img/crossing.jpg":"702c91906a2dc38e17bca7ddfb6afc7edd18e84b8414c17da56dcfa4a6284e9e","/img/cycling.jpg":"d4f5f1fdb2c107143e6c45084ffbad3b54680a057f35de516117bc9b28190a64","/img/karate.jpg":"08143d5cafc00fa07b578eb453f11c15ede15e34e1e2de3309760c52978367ae","/img/lifting.jpg":"63bf8abd33b998d66e5249d326ce6a7fc04edf69e84fc7995301540ae0cdb5d0","/img/meditation.jpg":"fbe53d1cda95b61a7cf913e1ce0eba359f24f13d55ca26df9519081aac0ca7bb","/img/running.jpg":"7a55d9075d368e87bf667590bb9042c25de028dac01968ffea7773b0d652eae8","/img/workout.jpg":"1fea81c2ab8bf75440d596f9a628324f80a5d3bad5589f90c11ea98553145777","/asset-manifest.json":"723ef245f9e6f6123ec7034ed0b9ab678dbf3aa0bb8180f9f044948ab1becdd0","/index.html":"9b43cab36b44ffcb3c7a1a5ab512ed4ce712d6d7179b83b514557c5a37ba5ef5","/static/js/787.c837b1d3.chunk.js":"bd88da4c35e1a18e5efa27bc8ebbc742df8c1804affb2b5c8997e7d5dc615c2d","/static/js/main.2e9b127d.js.LICENSE.txt":"15e22d8e7e425ae933a7860ee6b73ec27776cdb04ca85392f2ac113cf5a2d1a5","/static/js/787.c837b1d3.chunk.js.map":"c29fea72a7d92366f590583dda9b944ab8bf33fa23a95ab25b4dffe145cfe3d1","/static/media/3.377b234bd8a2adfc4675.png":"0c5b5e34300fbac796b483ccfca91e08dabc4394cee811f693e9d18085b875e5","/static/media/background.1fed62fab703bff0845d.1fed62fab703bff0845d.jpg":"8136a927fe577b6d7ed8fb524a0361a614cd71e85438d0ce9557b05db970de59","/static/media/10.1703c8d1efe561966ebc.jpg":"fbb691f54a0cf6e053efbfaf41b211d8e36934c80dd6b9039cc0da6215ac7108","/static/css/main.dbe29975.css.map":"46359c1a934f12348638ebeeac9e954fb3bd270091f452921b7b071df1291c2f","/static/media/background.f24e8c4144bb6907ac96.f24e8c4144bb6907ac96.jpg":"8ff12c27ff8eb877ab684815b1152d7fdba0cd05fe1e4ec03c4991873a1c73d2","/static/media/1.7778c9218f2bba921b41.jpg":"3f11f32fed1698abd1b219410012681f081791e82c445f343be27b9803cc0905","/static/media/1.a909757da57e08a098f5.jpg":"ea940c99fa44592b6b56f6fc088056759042983655d252940feee74c50935654","/static/css/main.dbe29975.css":"9f2a871a68f551a9cd15bc2424b1106b7c832a175313ee298009e1c1320349d5","/static/media/2.f102757b82b68f55f831.png":"d53d14e383d423f0b9a1da03254354963cfa1d516a17c4f0445d70ad7a15a700","/static/media/4.78ebd734309a96828f4a.jpg":"b96e4ba68622768b179f5435ffd2ee16d4e0e3211770c3eac3d4a3e348db62f2","/static/media/1.fdb39166bd9fd960aac2.png":"42e2302ebb95bde863351cdc66e44d20e626b5880f2b15775b4fa43cc4c37347","/static/media/1.fbd096b806d73ba089b1.jpg":"da97cf3abac04943d97c366d08af64de023e83199307b45fe648f6035f2d0ddc","/static/media/12.f4fc50ff42706b49cf46.jpg":"8b8d9707e3a6abc20041bff5f60983c934164f1a38cc2608a17bc318f4a618aa","/static/media/2.301bc2e7998c4eaa8aa5.jpg":"a37bec39ca05e053b00fbbc911b27dde11792982c0b781c8ebd5cbaab46cd0ca","/static/media/2.d46d38fba0c66f2feaf9.jpg":"524245bf866a8fd87267fed7cdfa36408dfb091c27c00015376b5f7c5ad130c3","/static/media/2.fd60c33580aa81b24e54.jpg":"41de645c609565d7c870aab675c1d6b6be36417197d10d1441f9d1256016b3e2","/static/media/4.f4e246e5351bccee3db9.jpg":"60e6cef4a85419851614e0b8fdb3927a19c7a5a38cdfb926c633c16425abb357","/static/media/7.f52a009485e468cc3a38.jpg":"ad59bde0b75a38c62b4b269ed8150c17689d87edbd9ff9d2f2bf405f568393b9","/static/media/8.fbd096b806d73ba089b1.jpg":"da97cf3abac04943d97c366d08af64de023e83199307b45fe648f6035f2d0ddc","/static/media/feedback.5b430a98f01a93581bac.jpg":"d15e673c1e6b256958ad6c341d6aa301b6dccd028047c941aa7f0632c40dbefc","/static/media/5.386d22b607d139aa3525.jpg":"d3f50705c5cc1504ffb99790feacd763ea10e993d1d87a6212d77e8a7cc006ea","/static/media/3.1e04773341b9c4364397.jpg":"b44cb6a0bf3cffde3a48c17fd8699afceb22fa6fa0ddff7adef558c152035721","/static/media/3.ca05a416f20d8ec15e51.jpg":"b8f065a0701831f164af9e9e180285c1c25d98b570cc7e3e5912957a43db054f","/static/media/9.0a0ef4791a0c2146d358.jpg":"b77c228a9005283723bef2ac1bf4aa722bb0918139dfc95d37495866984726f5","/static/media/6.6e13b7b042ff75214b88.jpg":"d38d2a9e8436c44112407b44795b933ccac2917c065a9580b8deb2f30a19896f","/static/media/11.a523a048f82ad92a1e9f.jpg":"bebf9956d54da9d3d6b12af1bfbf6b0df0e8585453dcc74f6f1dc9d627d9c5dc","/static/media/3.bf06a3881cb1e26e9e54.jpg":"0c97c7374c869158370b58a5225795265200dccaf6605336484400395d150957","/static/media/crossing.c4730d8deeb764d87f04.jpg":"702c91906a2dc38e17bca7ddfb6afc7edd18e84b8414c17da56dcfa4a6284e9e","/static/media/img.2012da350c7fd4c278d7.jpg":"1a705e6e99ed59d38b279a0911c2ad777a8461ce696fc9e54f52b13d1ba2d409","/static/media/lifting.ae2c499f03c4e9ae6199.jpg":"63bf8abd33b998d66e5249d326ce6a7fc04edf69e84fc7995301540ae0cdb5d0","/static/media/workout.83ad068639c94e80584d.jpg":"1fea81c2ab8bf75440d596f9a628324f80a5d3bad5589f90c11ea98553145777","/static/media/photo1.a5c96ee13e2f5f43d546.jpg":"f31841173742f8bbc77d792e76e18a09ddd8dad950e9a958e9b051ed1489b686","/static/media/2.58320d4db78f7cadc639.jpg":"99776cb4aec762fae9aac51df5a9ef860d70f9fa0c27c15e91b5f1d32e8082d2","/static/media/1.cbfd110a0b93ee50bcde.jpg":"ffebc5ed114a78c9eb71d032e477fc805ac0401bacfe3ec2782c3e560136e792","/static/media/3.01a0e5e94f669a8cc412.jpg":"ee09588ea27f60c290887a024f555e58ea45bac583b66618f2e724074a71eeb2","/static/media/backgroundimg.10c814b67d293322e13e.jpg":"3d21a518fbddeff437d00faed458bd81f4ff24153430cef396a9bfcd769fc9ea","/static/js/main.2e9b127d.js":"ff96eee472f16b28eeb16323604b6e03b560a5a2ebdf1bbddc22520e6926f40e","/static/media/background.8ca51f6d5c424b82ec82.jpg":"83cf75bd71c423d18e18e46890d26c038ddd438184fd4ac67df31ecbce15cba1","/static/js/main.2e9b127d.js.map":"c6ae20dcec4280f4b089d6c8afc168db127c3df382d1483ed6409f3034ce4589"}}
[debug] [2023-05-06T15:08:58.192Z] <<< [apiv2][status] POST https://firebasehosting.googleapis.com/v1beta1/projects/442993471564/sites/gym-website-4d719/versions/262718a1a5ad5fac:populateFiles 200
[debug] [2023-05-06T15:08:58.193Z] <<< [apiv2][body] POST https://firebasehosting.googleapis.com/v1beta1/projects/442993471564/sites/gym-website-4d719/versions/262718a1a5ad5fac:populateFiles {"uploadRequiredHashes":["ff96eee472f16b28eeb16323604b6e03b560a5a2ebdf1bbddc22520e6926f40e","723ef245f9e6f6123ec7034ed0b9ab678dbf3aa0bb8180f9f044948ab1becdd0","c6ae20dcec4280f4b089d6c8afc168db127c3df382d1483ed6409f3034ce4589","9b43cab36b44ffcb3c7a1a5ab512ed4ce712d6d7179b83b514557c5a37ba5ef5"],"uploadUrl":"https://upload-firebasehosting.googleapis.com/upload/sites/gym-website-4d719/versions/262718a1a5ad5fac/files"}
[debug] [2023-05-06T15:08:58.196Z] >>> [apiv2][query] POST https://upload-firebasehosting.googleapis.com/upload/sites/gym-website-4d719/versions/262718a1a5ad5fac/files/ff96eee472f16b28eeb16323604b6e03b560a5a2ebdf1bbddc22520e6926f40e [none]
[debug] [2023-05-06T15:08:58.196Z] >>> [apiv2][body] POST https://upload-firebasehosting.googleapis.com/upload/sites/gym-website-4d719/versions/262718a1a5ad5fac/files/ff96eee472f16b28eeb16323604b6e03b560a5a2ebdf1bbddc22520e6926f40e [stream]
[debug] [2023-05-06T15:08:58.199Z] >>> [apiv2][query] POST https://upload-firebasehosting.googleapis.com/upload/sites/gym-website-4d719/versions/262718a1a5ad5fac/files/723ef245f9e6f6123ec7034ed0b9ab678dbf3aa0bb8180f9f044948ab1becdd0 [none]
[debug] [2023-05-06T15:08:58.199Z] >>> [apiv2][body] POST https://upload-firebasehosting.googleapis.com/upload/sites/gym-website-4d719/versions/262718a1a5ad5fac/files/723ef245f9e6f6123ec7034ed0b9ab678dbf3aa0bb8180f9f044948ab1becdd0 [stream]
[debug] [2023-05-06T15:08:58.203Z] >>> [apiv2][query] POST https://upload-firebasehosting.googleapis.com/upload/sites/gym-website-4d719/versions/262718a1a5ad5fac/files/c6ae20dcec4280f4b089d6c8afc168db127c3df382d1483ed6409f3034ce4589 [none]
[debug] [2023-05-06T15:08:58.204Z] >>> [apiv2][body] POST https://upload-firebasehosting.googleapis.com/upload/sites/gym-website-4d719/versions/262718a1a5ad5fac/files/c6ae20dcec4280f4b089d6c8afc168db127c3df382d1483ed6409f3034ce4589 [stream]
[debug] [2023-05-06T15:08:58.208Z] >>> [apiv2][query] POST https://upload-firebasehosting.googleapis.com/upload/sites/gym-website-4d719/versions/262718a1a5ad5fac/files/9b43cab36b44ffcb3c7a1a5ab512ed4ce712d6d7179b83b514557c5a37ba5ef5 [none]
[debug] [2023-05-06T15:08:58.209Z] >>> [apiv2][body] POST https://upload-firebasehosting.googleapis.com/upload/sites/gym-website-4d719/versions/262718a1a5ad5fac/files/9b43cab36b44ffcb3c7a1a5ab512ed4ce712d6d7179b83b514557c5a37ba5ef5 [stream]
[debug] [2023-05-06T15:08:58.213Z] [hosting][populate queue][FINAL] {"max":1375,"min":1375,"avg":1375,"active":0,"complete":1,"success":1,"errored":0,"retried":2,"total":1,"elapsed":44900}
[debug] [2023-05-06T15:08:58.214Z] [hosting] uploads queued: 4
[debug] [2023-05-06T15:09:07.133Z] <<< [apiv2][status] POST https://upload-firebasehosting.googleapis.com/upload/sites/gym-website-4d719/versions/262718a1a5ad5fac/files/9b43cab36b44ffcb3c7a1a5ab512ed4ce712d6d7179b83b514557c5a37ba5ef5 200
[debug] [2023-05-06T15:09:07.133Z] <<< [apiv2][body] POST https://upload-firebasehosting.googleapis.com/upload/sites/gym-website-4d719/versions/262718a1a5ad5fac/files/9b43cab36b44ffcb3c7a1a5ab512ed4ce712d6d7179b83b514557c5a37ba5ef5 [stream]
[debug] [2023-05-06T15:09:07.176Z] <<< [apiv2][status] POST https://upload-firebasehosting.googleapis.com/upload/sites/gym-website-4d719/versions/262718a1a5ad5fac/files/723ef245f9e6f6123ec7034ed0b9ab678dbf3aa0bb8180f9f044948ab1becdd0 200
[debug] [2023-05-06T15:09:07.177Z] <<< [apiv2][body] POST https://upload-firebasehosting.googleapis.com/upload/sites/gym-website-4d719/versions/262718a1a5ad5fac/files/723ef245f9e6f6123ec7034ed0b9ab678dbf3aa0bb8180f9f044948ab1becdd0 [stream]
[debug] [2023-05-06T15:09:08.240Z] <<< [apiv2][status] POST https://upload-firebasehosting.googleapis.com/upload/sites/gym-website-4d719/versions/262718a1a5ad5fac/files/ff96eee472f16b28eeb16323604b6e03b560a5a2ebdf1bbddc22520e6926f40e 200
[debug] [2023-05-06T15:09:08.241Z] <<< [apiv2][body] POST https://upload-firebasehosting.googleapis.com/upload/sites/gym-website-4d719/versions/262718a1a5ad5fac/files/ff96eee472f16b28eeb16323604b6e03b560a5a2ebdf1bbddc22520e6926f40e [stream]
[debug] [2023-05-06T15:09:19.750Z] [uploadQueue] Retrying task c6ae20dcec4280f4b089d6c8afc168db127c3df382d1483ed6409f3034ce4589
[debug] [2023-05-06T15:09:19.753Z] >>> [apiv2][query] POST https://upload-firebasehosting.googleapis.com/upload/sites/gym-website-4d719/versions/262718a1a5ad5fac/files/c6ae20dcec4280f4b089d6c8afc168db127c3df382d1483ed6409f3034ce4589 [none]
[debug] [2023-05-06T15:09:19.753Z] >>> [apiv2][body] POST https://upload-firebasehosting.googleapis.com/upload/sites/gym-website-4d719/versions/262718a1a5ad5fac/files/c6ae20dcec4280f4b089d6c8afc168db127c3df382d1483ed6409f3034ce4589 [stream]
[debug] [2023-05-06T15:09:25.889Z] <<< [apiv2][status] POST https://upload-firebasehosting.googleapis.com/upload/sites/gym-website-4d719/versions/262718a1a5ad5fac/files/c6ae20dcec4280f4b089d6c8afc168db127c3df382d1483ed6409f3034ce4589 200
[debug] [2023-05-06T15:09:25.890Z] <<< [apiv2][body] POST https://upload-firebasehosting.googleapis.com/upload/sites/gym-website-4d719/versions/262718a1a5ad5fac/files/c6ae20dcec4280f4b089d6c8afc168db127c3df382d1483ed6409f3034ce4589 [stream]
[debug] [2023-05-06T15:09:25.890Z] [hosting][upload queue][FINAL] {"max":10048,"min":6138,"avg":8526.25,"active":0,"complete":4,"success":4,"errored":0,"retried":1,"total":4,"elapsed":27697}
[info] +  hosting[gym-website-4d719]: file upload complete 
[debug] [2023-05-06T15:09:25.893Z] [hosting] deploy completed after 75152ms
[debug] [2023-05-06T15:09:25.903Z] [
  {
    "config": {
      "public": "build",
      "ignore": [
        "firebase.json",
        "**/.*",
        "**/node_modules/**"
      ],
      "rewrites": [
        {
          "source": "**",
          "destination": "/index.html"
        }
      ],
      "site": "gym-website-4d719"
    },
    "version": "projects/442993471564/sites/gym-website-4d719/versions/262718a1a5ad5fac"
  }
]
[info] i  hosting[gym-website-4d719]: finalizing version... 
[debug] [2023-05-06T15:09:25.922Z] >>> [apiv2][query] PATCH https://firebasehosting.googleapis.com/v1beta1/projects/-/sites/gym-website-4d719/versions/262718a1a5ad5fac updateMask=status%2Cconfig
[debug] [2023-05-06T15:09:25.922Z] >>> [apiv2][body] PATCH https://firebasehosting.googleapis.com/v1beta1/projects/-/sites/gym-website-4d719/versions/262718a1a5ad5fac {"status":"FINALIZED","config":{"rewrites":[{"glob":"**","path":"/index.html"}]}}
[debug] [2023-05-06T15:09:27.396Z] <<< [apiv2][status] PATCH https://firebasehosting.googleapis.com/v1beta1/projects/-/sites/gym-website-4d719/versions/262718a1a5ad5fac 200
[debug] [2023-05-06T15:09:27.397Z] <<< [apiv2][body] PATCH https://firebasehosting.googleapis.com/v1beta1/projects/-/sites/gym-website-4d719/versions/262718a1a5ad5fac {"name":"projects/442993471564/sites/gym-website-4d719/versions/262718a1a5ad5fac","status":"FINALIZED","config":{"rewrites":[{"glob":"**","path":"/index.html"}]},"labels":{"deployment-tool":"cli-firebase"},"createTime":"2023-05-06T15:08:08.618507Z","createUser":{"email":"rehadhasan664@gmail.com"},"finalizeTime":"2023-05-06T15:09:26.072100Z","finalizeUser":{"email":"rehadhasan664@gmail.com"}}
[debug] [2023-05-06T15:09:27.397Z] [hosting] finalized version for gym-website-4d719:[object Object]
[info] +  hosting[gym-website-4d719]: version finalized 
[info] i  hosting[gym-website-4d719]: releasing new version... 
[debug] [2023-05-06T15:09:27.399Z] >>> [apiv2][query] POST https://firebasehosting.googleapis.com/v1beta1/projects/-/sites/gym-website-4d719/channels/live/releases versionName=projects%2F442993471564%2Fsites%2Fgym-website-4d719%2Fversions%2F262718a1a5ad5fac
[debug] [2023-05-06T15:09:27.399Z] >>> [apiv2][body] POST https://firebasehosting.googleapis.com/v1beta1/projects/-/sites/gym-website-4d719/channels/live/releases {}
[debug] [2023-05-06T15:09:28.963Z] <<< [apiv2][status] POST https://firebasehosting.googleapis.com/v1beta1/projects/-/sites/gym-website-4d719/channels/live/releases 200
[debug] [2023-05-06T15:09:28.963Z] <<< [apiv2][body] POST https://firebasehosting.googleapis.com/v1beta1/projects/-/sites/gym-website-4d719/channels/live/releases {"name":"projects/442993471564/sites/gym-website-4d719/channels/live/releases/1683385766834000","version":{"name":"projects/442993471564/sites/gym-website-4d719/versions/262718a1a5ad5fac","status":"FINALIZED","config":{"rewrites":[{"glob":"**","path":"/index.html"}]},"labels":{"deployment-tool":"cli-firebase"},"createTime":"2023-05-06T15:08:08.618507Z","createUser":{"email":"rehadhasan664@gmail.com","imageUrl":"https://lh3.googleusercontent.com/a/AGNmyxaf0Rgetefg-DDhWZShfw4AmcDo30oX7eJ0UCbI1w"},"finalizeTime":"2023-05-06T15:09:26.072100Z","finalizeUser":{"email":"rehadhasan664@gmail.com","imageUrl":"https://lh3.googleusercontent.com/a/AGNmyxaf0Rgetefg-DDhWZShfw4AmcDo30oX7eJ0UCbI1w"}},"type":"DEPLOY","releaseTime":"2023-05-06T15:09:26.834Z","releaseUser":{"email":"rehadhasan664@gmail.com","imageUrl":"https://lh3.googleusercontent.com/a/AGNmyxaf0Rgetefg-DDhWZShfw4AmcDo30oX7eJ0UCbI1w"}}
[debug] [2023-05-06T15:09:28.963Z] [hosting] release: {"name":"projects/442993471564/sites/gym-website-4d719/channels/live/releases/1683385766834000","version":{"name":"projects/442993471564/sites/gym-website-4d719/versions/262718a1a5ad5fac","status":"FINALIZED","config":{"rewrites":[{"glob":"**","path":"/index.html"}]},"labels":{"deployment-tool":"cli-firebase"},"createTime":"2023-05-06T15:08:08.618507Z","createUser":{"email":"rehadhasan664@gmail.com","imageUrl":"https://lh3.googleusercontent.com/a/AGNmyxaf0Rgetefg-DDhWZShfw4AmcDo30oX7eJ0UCbI1w"},"finalizeTime":"2023-05-06T15:09:26.072100Z","finalizeUser":{"email":"rehadhasan664@gmail.com","imageUrl":"https://lh3.googleusercontent.com/a/AGNmyxaf0Rgetefg-DDhWZShfw4AmcDo30oX7eJ0UCbI1w"}},"type":"DEPLOY","releaseTime":"2023-05-06T15:09:26.834Z","releaseUser":{"email":"rehadhasan664@gmail.com","imageUrl":"https://lh3.googleusercontent.com/a/AGNmyxaf0Rgetefg-DDhWZShfw4AmcDo30oX7eJ0UCbI1w"}}
[info] +  hosting[gym-website-4d719]: release complete 
[info] 
[info] +  Deploy complete! 
[info] 
[info] Project Console: https://console.firebase.google.com/project/gym-website-4d719/overview
[info] Hosting URL: https://gym-website-4d719.web.app
[debug] [2023-05-06T15:09:37.749Z] Error: Timed out.
    at Timeout._onTimeout (C:\Users\DELL\AppData\Roaming\npm\node_modules\firebase-tools\lib\utils.js:253:49)
    at listOnTimeout (node:internal/timers:559:17)
    at processTimers (node:internal/timers:502:7)
[error] 
[error] Error: An unexpected error has occurred.
[debug] [2023-05-06T15:12:37.394Z] ----------------------------------------------------------------------
[debug] [2023-05-06T15:12:37.398Z] Command:       C:\Program Files\nodejs\node.exe C:\Users\DELL\AppData\Roaming\npm\node_modules\firebase-tools\lib\bin\firebase.js deploy
[debug] [2023-05-06T15:12:37.400Z] CLI Version:   11.24.1
[debug] [2023-05-06T15:12:37.400Z] Platform:      win32
[debug] [2023-05-06T15:12:37.400Z] Node Version:  v16.17.0
[debug] [2023-05-06T15:12:37.409Z] Time:          Sat May 06 2023 21:12:37 GMT+0600 (Bangladesh Standard Time)
[debug] [2023-05-06T15:12:37.409Z] ----------------------------------------------------------------------
[debug] 
[debug] [2023-05-06T15:12:37.570Z] > command requires scopes: ["email","openid","https://www.googleapis.com/auth/cloudplatformprojects.readonly","https://www.googleapis.com/auth/firebase","https://www.googleapis.com/auth/cloud-platform"]
[debug] [2023-05-06T15:12:37.571Z] > authorizing via signed-in user (rehadhasan664@gmail.com)
[debug] [2023-05-06T15:12:37.571Z] [iam] checking project gym-website-4d719 for permissions ["firebase.projects.get","firebasehosting.sites.update"]
[debug] [2023-05-06T15:12:37.576Z] >>> [apiv2][query] POST https://cloudresourcemanager.googleapis.com/v1/projects/gym-website-4d719:testIamPermissions [none]
[debug] [2023-05-06T15:12:37.577Z] >>> [apiv2][(partial)header] POST https://cloudresourcemanager.googleapis.com/v1/projects/gym-website-4d719:testIamPermissions x-goog-quota-user=projects/gym-website-4d719
[debug] [2023-05-06T15:12:37.577Z] >>> [apiv2][body] POST https://cloudresourcemanager.googleapis.com/v1/projects/gym-website-4d719:testIamPermissions {"permissions":["firebase.projects.get","firebasehosting.sites.update"]}
[debug] [2023-05-06T15:12:39.241Z] <<< [apiv2][status] POST https://cloudresourcemanager.googleapis.com/v1/projects/gym-website-4d719:testIamPermissions 200
[debug] [2023-05-06T15:12:39.241Z] <<< [apiv2][body] POST https://cloudresourcemanager.googleapis.com/v1/projects/gym-website-4d719:testIamPermissions {"permissions":["firebase.projects.get","firebasehosting.sites.update"]}
[debug] [2023-05-06T15:12:39.245Z] >>> [apiv2][query] GET https://firebase.googleapis.com/v1beta1/projects/gym-website-4d719 [none]
[debug] [2023-05-06T15:13:00.378Z] Failed to make request to https://firebase.googleapis.com/v1beta1/projects/gym-website-4d719
[debug] [2023-05-06T15:13:00.827Z] FirebaseError: Failed to make request to https://firebase.googleapis.com/v1beta1/projects/gym-website-4d719
    at RetryOperation._fn (C:\Users\DELL\AppData\Roaming\npm\node_modules\firebase-tools\lib\apiv2.js:242:31)
    at processTicksAndRejections (node:internal/process/task_queues:96:5)
[error] 
[error] Error: Failed to get Firebase project gym-website-4d719. Please make sure the project exists and your account has permission to access it.
